# JRE version: OpenJDK Runtime Environment (11.0.12+7) (build 11.0.12+7-b1504.28-7817840)
# Java VM: OpenJDK 64-Bit Server VM (11.0.12+7-b1504.28-7817840, mixed mode, tiered, compressed oops, g1 gc, windows-amd64)
Heap:
 garbage-first heap   total 262144K, used 157560K [0x0000000080000000, 0x0000000100000000)
  region size 1024K, 17 young (17408K), 9 survivors (9216K)
 Metaspace       used 130355K, capacity 133942K, committed 134188K, reserved 1165312K
  class space    used 16341K, capacity 17703K, committed 17792K, reserved 1048576K
GC Heap History (20 events):
Event: 19.696 GC heap before
{Heap before GC invocations=15 (full 0):
 garbage-first heap   total 262144K, used 220150K [0x0000000080000000, 0x0000000100000000)
  region size 1024K, 140 young (143360K), 16 survivors (16384K)
 Metaspace       used 94361K, capacity 96927K, committed 97068K, reserved 1132544K
  class space    used 12202K, capacity 13134K, committed 13184K, reserved 1048576K
}
Event: 19.716 GC heap after
{Heap after GC invocations=16 (full 0):
 garbage-first heap   total 262144K, used 82214K [0x0000000080000000, 0x0000000100000000)
  region size 1024K, 15 young (15360K), 15 survivors (15360K)
 Metaspace       used 94361K, capacity 96927K, committed 97068K, reserved 1132544K
  class space    used 12202K, capacity 13134K, committed 13184K, reserved 1048576K
}
Event: 20.718 GC heap before
{Heap before GC invocations=16 (full 0):
 garbage-first heap   total 262144K, used 207142K [0x0000000080000000, 0x0000000100000000)
  region size 1024K, 138 young (141312K), 15 survivors (15360K)
 Metaspace       used 97776K, capacity 100393K, committed 100652K, reserved 1136640K
  class space    used 12633K, capacity 13628K, committed 13696K, reserved 1048576K
}
Event: 20.737 GC heap after
{Heap after GC invocations=17 (full 0):
 garbage-first heap   total 262144K, used 88703K [0x0000000080000000, 0x0000000100000000)
  region size 1024K, 12 young (12288K), 12 survivors (12288K)
 Metaspace       used 97776K, capacity 100393K, committed 100652K, reserved 1136640K
  class space    used 12633K, capacity 13628K, committed 13696K, reserved 1048576K
}
Event: 25.147 GC heap before
{Heap before GC invocations=17 (full 0):
 garbage-first heap   total 262144K, used 209535K [0x0000000080000000, 0x0000000100000000)
  region size 1024K, 131 young (134144K), 12 survivors (12288K)
 Metaspace       used 101277K, capacity 103971K, committed 104108K, reserved 1138688K
  class space    used 13033K, capacity 14033K, committed 14080K, reserved 1048576K
}
Event: 25.163 GC heap after
{Heap after GC invocations=18 (full 0):
 garbage-first heap   total 262144K, used 97050K [0x0000000080000000, 0x0000000100000000)
  region size 1024K, 15 young (15360K), 15 survivors (15360K)
 Metaspace       used 101277K, capacity 103971K, committed 104108K, reserved 1138688K
  class space    used 13033K, capacity 14033K, committed 14080K, reserved 1048576K
}
Event: 40.652 GC heap before
{Heap before GC invocations=18 (full 0):
 garbage-first heap   total 262144K, used 210714K [0x0000000080000000, 0x0000000100000000)
  region size 1024K, 127 young (130048K), 15 survivors (15360K)
 Metaspace       used 106824K, capacity 109799K, committed 109996K, reserved 1144832K
  class space    used 13723K, capacity 14796K, committed 14848K, reserved 1048576K
}
Event: 40.668 GC heap after
{Heap after GC invocations=19 (full 0):
 garbage-first heap   total 262144K, used 102913K [0x0000000080000000, 0x0000000100000000)
  region size 1024K, 14 young (14336K), 14 survivors (14336K)
 Metaspace       used 106824K, capacity 109799K, committed 109996K, reserved 1144832K
  class space    used 13723K, capacity 14796K, committed 14848K, reserved 1048576K
}
Event: 41.830 GC heap before
{Heap before GC invocations=19 (full 0):
 garbage-first heap   total 262144K, used 183809K [0x0000000080000000, 0x0000000100000000)
  region size 1024K, 87 young (89088K), 14 survivors (14336K)
 Metaspace       used 113903K, capacity 116865K, committed 116908K, reserved 1150976K
  class space    used 14495K, capacity 15582K, committed 15616K, reserved 1048576K
}
Event: 41.844 GC heap after
{Heap after GC invocations=20 (full 0):
 garbage-first heap   total 262144K, used 109117K [0x0000000080000000, 0x0000000100000000)
  region size 1024K, 9 young (9216K), 9 survivors (9216K)
 Metaspace       used 113903K, capacity 116865K, committed 116908K, reserved 1150976K
  class space    used 14495K, capacity 15582K, committed 15616K, reserved 1048576K
}
Event: 59.378 GC heap before
{Heap before GC invocations=21 (full 0):
 garbage-first heap   total 262144K, used 222781K [0x0000000080000000, 0x0000000100000000)
  region size 1024K, 113 young (115712K), 9 survivors (9216K)
 Metaspace       used 117888K, capacity 120819K, committed 121772K, reserved 1155072K
  class space    used 14681K, capacity 15778K, committed 16128K, reserved 1048576K
}
Event: 59.393 GC heap after
{Heap after GC invocations=22 (full 0):
 garbage-first heap   total 262144K, used 114905K [0x0000000080000000, 0x0000000100000000)
  region size 1024K, 7 young (7168K), 7 survivors (7168K)
 Metaspace       used 117888K, capacity 120819K, committed 121772K, reserved 1155072K
  class space    used 14681K, capacity 15778K, committed 16128K, reserved 1048576K
}
Event: 61.206 GC heap before
{Heap before GC invocations=23 (full 0):
 garbage-first heap   total 262144K, used 219353K [0x0000000080000000, 0x0000000100000000)
  region size 1024K, 107 young (109568K), 7 survivors (7168K)
 Metaspace       used 121036K, capacity 123997K, committed 124460K, reserved 1157120K
  class space    used 15003K, capacity 16088K, committed 16256K, reserved 1048576K
}
Event: 61.224 GC heap after
{Heap after GC invocations=24 (full 0):
 garbage-first heap   total 262144K, used 128964K [0x0000000080000000, 0x0000000100000000)
  region size 1024K, 14 young (14336K), 14 survivors (14336K)
 Metaspace       used 121036K, capacity 123997K, committed 124460K, reserved 1157120K
  class space    used 15003K, capacity 16088K, committed 16256K, reserved 1048576K
}
Event: 61.687 GC heap before
{Heap before GC invocations=24 (full 0):
 garbage-first heap   total 262144K, used 160708K [0x0000000080000000, 0x0000000100000000)
  region size 1024K, 45 young (46080K), 14 survivors (14336K)
 Metaspace       used 121813K, capacity 124792K, committed 125100K, reserved 1159168K
  class space    used 15075K, capacity 16176K, committed 16384K, reserved 1048576K
}
Event: 61.704 GC heap after
{Heap after GC invocations=25 (full 0):
 garbage-first heap   total 262144K, used 132440K [0x0000000080000000, 0x0000000100000000)
  region size 1024K, 3 young (3072K), 3 survivors (3072K)
 Metaspace       used 121813K, capacity 124792K, committed 125100K, reserved 1159168K
  class space    used 15075K, capacity 16176K, committed 16384K, reserved 1048576K
}
Event: 62.271 GC heap before
{Heap before GC invocations=26 (full 0):
 garbage-first heap   total 262144K, used 193880K [0x0000000080000000, 0x0000000100000000)
  region size 1024K, 62 young (63488K), 3 survivors (3072K)
 Metaspace       used 126358K, capacity 129521K, committed 129836K, reserved 1163264K
  class space    used 15689K, capacity 16908K, committed 17024K, reserved 1048576K
}
Event: 62.282 GC heap after
{Heap after GC invocations=27 (full 0):
 garbage-first heap   total 262144K, used 139208K [0x0000000080000000, 0x0000000100000000)
  region size 1024K, 8 young (8192K), 8 survivors (8192K)
 Metaspace       used 126358K, capacity 129521K, committed 129836K, reserved 1163264K
  class space    used 15689K, capacity 16908K, committed 17024K, reserved 1048576K
}
Event: 62.627 GC heap before
{Heap before GC invocations=27 (full 0):
 garbage-first heap   total 262144K, used 196552K [0x0000000080000000, 0x0000000100000000)
  region size 1024K, 65 young (66560K), 8 survivors (8192K)
 Metaspace       used 129550K, capacity 133042K, committed 133164K, reserved 1165312K
  class space    used 16183K, capacity 17529K, committed 17536K, reserved 1048576K
}
Event: 62.656 GC heap after
{Heap after GC invocations=28 (full 0):
 garbage-first heap   total 262144K, used 150392K [0x0000000080000000, 0x0000000100000000)
  region size 1024K, 9 young (9216K), 9 survivors (9216K)
 Metaspace       used 129550K, capacity 133042K, committed 133164K, reserved 1165312K
  class space    used 16183K, capacity 17529K, committed 17536K, reserved 1048576K
}

