# JRE version: Java(TM) SE Runtime Environment 18.9 (11.0.11+9) (build 11.0.11+9-LTS-194)
# Java VM: Java HotSpot(TM) 64-Bit Server VM 18.9 (11.0.11+9-LTS-194, mixed mode, tiered, compressed oops, g1 gc, windows-amd64)
Heap:
 garbage-first heap   total 316416K, used 172217K [0x0000000080000000, 0x0000000100000000)
  region size 1024K, 20 young (20480K), 2 survivors (2048K)
 Metaspace       used 135068K, capacity 139218K, committed 139248K, reserved 1171456K
  class space    used 16881K, capacity 18369K, committed 18380K, reserved 1048576K
GC Heap History (10 events):
Event: 2897.349 GC heap before
{Heap before GC invocations=97 (full 0):
 garbage-first heap   total 263168K, used 190186K [0x0000000080000000, 0x0000000100000000)
  region size 1024K, 21 young (21504K), 2 survivors (2048K)
 Metaspace       used 134458K, capacity 138438K, committed 138736K, reserved 1169408K
  class space    used 16817K, capacity 18254K, committed 18380K, reserved 1048576K
}
Event: 2897.362 GC heap after
{Heap after GC invocations=98 (full 0):
 garbage-first heap   total 316416K, used 175477K [0x0000000080000000, 0x0000000100000000)
  region size 1024K, 5 young (5120K), 5 survivors (5120K)
 Metaspace       used 134458K, capacity 138438K, committed 138736K, reserved 1169408K
  class space    used 16817K, capacity 18254K, committed 18380K, reserved 1048576K
}
Event: 2898.092 GC heap before
{Heap before GC invocations=99 (full 0):
 garbage-first heap   total 316416K, used 246133K [0x0000000080000000, 0x0000000100000000)
  region size 1024K, 69 young (70656K), 5 survivors (5120K)
 Metaspace       used 134488K, capacity 138450K, committed 138736K, reserved 1169408K
  class space    used 16818K, capacity 18256K, committed 18380K, reserved 1048576K
}
Event: 2898.100 GC heap after
{Heap after GC invocations=100 (full 0):
 garbage-first heap   total 316416K, used 177237K [0x0000000080000000, 0x0000000100000000)
  region size 1024K, 6 young (6144K), 6 survivors (6144K)
 Metaspace       used 134488K, capacity 138450K, committed 138736K, reserved 1169408K
  class space    used 16818K, capacity 18256K, committed 18380K, reserved 1048576K
}
Event: 3872.913 GC heap before
{Heap before GC invocations=101 (full 0):
 garbage-first heap   total 316416K, used 248917K [0x0000000080000000, 0x0000000100000000)
  region size 1024K, 72 young (73728K), 6 survivors (6144K)
 Metaspace       used 134772K, capacity 138734K, committed 138992K, reserved 1169408K
  class space    used 16840K, capacity 18296K, committed 18380K, reserved 1048576K
}
Event: 3872.919 GC heap after
{Heap after GC invocations=102 (full 0):
 garbage-first heap   total 316416K, used 163770K [0x0000000080000000, 0x0000000100000000)
  region size 1024K, 5 young (5120K), 5 survivors (5120K)
 Metaspace       used 134772K, capacity 138734K, committed 138992K, reserved 1169408K
  class space    used 16840K, capacity 18296K, committed 18380K, reserved 1048576K
}
Event: 3873.033 GC heap before
{Heap before GC invocations=102 (full 0):
 garbage-first heap   total 316416K, used 172986K [0x0000000080000000, 0x0000000100000000)
  region size 1024K, 15 young (15360K), 5 survivors (5120K)
 Metaspace       used 134949K, capacity 139014K, committed 139248K, reserved 1171456K
  class space    used 16866K, capacity 18344K, committed 18380K, reserved 1048576K
}
Event: 3873.052 GC heap after
{Heap after GC invocations=103 (full 0):
 garbage-first heap   total 316416K, used 153846K [0x0000000080000000, 0x0000000100000000)
  region size 1024K, 2 young (2048K), 2 survivors (2048K)
 Metaspace       used 134949K, capacity 139014K, committed 139248K, reserved 1171456K
  class space    used 16866K, capacity 18344K, committed 18380K, reserved 1048576K
}
Event: 3873.078 GC heap before
{Heap before GC invocations=103 (full 0):
 garbage-first heap   total 316416K, used 158966K [0x0000000080000000, 0x0000000100000000)
  region size 1024K, 8 young (8192K), 2 survivors (2048K)
 Metaspace       used 135015K, capacity 139154K, committed 139248K, reserved 1171456K
  class space    used 16879K, capacity 18369K, committed 18380K, reserved 1048576K
}
Event: 3873.089 GC heap after
{Heap after GC invocations=104 (full 0):
 garbage-first heap   total 316416K, used 153785K [0x0000000080000000, 0x0000000100000000)
  region size 1024K, 2 young (2048K), 2 survivors (2048K)
 Metaspace       used 135015K, capacity 139154K, committed 139248K, reserved 1171456K
  class space    used 16879K, capacity 18369K, committed 18380K, reserved 1048576K
}

