# JRE version: Java(TM) SE Runtime Environment 18.9 (11.0.11+9) (build 11.0.11+9-LTS-194)
# Java VM: Java HotSpot(TM) 64-Bit Server VM 18.9 (11.0.11+9-LTS-194, mixed mode, tiered, compressed oops, g1 gc, windows-amd64)
Heap:
 garbage-first heap   total 271360K, used 206383K [0x0000000080000000, 0x0000000100000000)
  region size 1024K, 25 young (25600K), 6 survivors (6144K)
 Metaspace       used 128482K, capacity 132099K, committed 133320K, reserved 1165312K
  class space    used 16126K, capacity 17486K, committed 17996K, reserved 1048576K
GC Heap History (10 events):
Event: 498.761 GC heap before
{Heap before GC invocations=31 (full 0):
 garbage-first heap   total 271360K, used 210035K [0x0000000080000000, 0x0000000100000000)
  region size 1024K, 50 young (51200K), 2 survivors (2048K)
 Metaspace       used 128763K, capacity 132619K, committed 133064K, reserved 1165312K
  class space    used 16279K, capacity 17758K, committed 17996K, reserved 1048576K
}
Event: 498.774 GC heap after
{Heap after GC invocations=32 (full 0):
 garbage-first heap   total 271360K, used 166227K [0x0000000080000000, 0x0000000100000000)
  region size 1024K, 6 young (6144K), 6 survivors (6144K)
 Metaspace       used 128763K, capacity 132619K, committed 133064K, reserved 1165312K
  class space    used 16279K, capacity 17758K, committed 17996K, reserved 1048576K
}
Event: 499.727 GC heap before
{Heap before GC invocations=33 (full 0):
 garbage-first heap   total 271360K, used 221523K [0x0000000080000000, 0x0000000100000000)
  region size 1024K, 54 young (55296K), 6 survivors (6144K)
 Metaspace       used 128365K, capacity 131939K, committed 133064K, reserved 1165312K
  class space    used 16125K, capacity 17486K, committed 17996K, reserved 1048576K
}
Event: 499.742 GC heap after
{Heap after GC invocations=34 (full 0):
 garbage-first heap   total 271360K, used 177973K [0x0000000080000000, 0x0000000100000000)
  region size 1024K, 6 young (6144K), 6 survivors (6144K)
 Metaspace       used 128365K, capacity 131939K, committed 133064K, reserved 1165312K
  class space    used 16125K, capacity 17486K, committed 17996K, reserved 1048576K
}
Event: 499.833 GC heap before
{Heap before GC invocations=34 (full 0):
 garbage-first heap   total 271360K, used 185141K [0x0000000080000000, 0x0000000100000000)
  region size 1024K, 13 young (13312K), 6 survivors (6144K)
 Metaspace       used 128369K, capacity 131939K, committed 133064K, reserved 1165312K
  class space    used 16125K, capacity 17486K, committed 17996K, reserved 1048576K
}
Event: 499.849 GC heap after
{Heap after GC invocations=35 (full 0):
 garbage-first heap   total 271360K, used 171955K [0x0000000080000000, 0x0000000100000000)
  region size 1024K, 2 young (2048K), 2 survivors (2048K)
 Metaspace       used 128369K, capacity 131939K, committed 133064K, reserved 1165312K
  class space    used 16125K, capacity 17486K, committed 17996K, reserved 1048576K
}
Event: 499.871 GC heap before
{Heap before GC invocations=35 (full 0):
 garbage-first heap   total 271360K, used 174003K [0x0000000080000000, 0x0000000100000000)
  region size 1024K, 5 young (5120K), 2 survivors (2048K)
 Metaspace       used 128369K, capacity 131939K, committed 133064K, reserved 1165312K
  class space    used 16125K, capacity 17486K, committed 17996K, reserved 1048576K
}
Event: 499.875 GC heap after
{Heap after GC invocations=36 (full 0):
 garbage-first heap   total 271360K, used 172542K [0x0000000080000000, 0x0000000100000000)
  region size 1024K, 3 young (3072K), 3 survivors (3072K)
 Metaspace       used 128369K, capacity 131939K, committed 133064K, reserved 1165312K
  class space    used 16125K, capacity 17486K, committed 17996K, reserved 1048576K
}
Event: 500.040 GC heap before
{Heap before GC invocations=36 (full 0):
 garbage-first heap   total 271360K, used 213502K [0x0000000080000000, 0x0000000100000000)
  region size 1024K, 41 young (41984K), 3 survivors (3072K)
 Metaspace       used 128400K, capacity 132009K, committed 133064K, reserved 1165312K
  class space    used 16125K, capacity 17486K, committed 17996K, reserved 1048576K
}
Event: 500.047 GC heap after
{Heap after GC invocations=37 (full 0):
 garbage-first heap   total 271360K, used 181807K [0x0000000080000000, 0x0000000100000000)
  region size 1024K, 6 young (6144K), 6 survivors (6144K)
 Metaspace       used 128400K, capacity 132009K, committed 133064K, reserved 1165312K
  class space    used 16125K, capacity 17486K, committed 17996K, reserved 1048576K
}

