# JRE version: OpenJDK Runtime Environment (11.0.12+7) (build 11.0.12+7-b1504.28-7817840)
# Java VM: OpenJDK 64-Bit Server VM (11.0.12+7-b1504.28-7817840, mixed mode, tiered, compressed oops, g1 gc, windows-amd64)
Heap:
 garbage-first heap   total 315392K, used 52019K [0x0000000701600000, 0x0000000800000000)
  region size 1024K, 20 young (20480K), 16 survivors (16384K)
 Metaspace       used 59878K, capacity 60655K, committed 60856K, reserved 1103872K
  class space    used 6977K, capacity 7305K, committed 7360K, reserved 1048576K
GC Heap History (14 events):
Event: 0.585 GC heap before
{Heap before GC invocations=0 (full 0):
 garbage-first heap   total 262144K, used 27648K [0x0000000701600000, 0x0000000800000000)
  region size 1024K, 24 young (24576K), 0 survivors (0K)
 Metaspace       used 12388K, capacity 12504K, committed 12800K, reserved 1060864K
  class space    used 1166K, capacity 1207K, committed 1280K, reserved 1048576K
}
Event: 0.589 GC heap after
{Heap after GC invocations=1 (full 0):
 garbage-first heap   total 262144K, used 5806K [0x0000000701600000, 0x0000000800000000)
  region size 1024K, 3 young (3072K), 3 survivors (3072K)
 Metaspace       used 12388K, capacity 12504K, committed 12800K, reserved 1060864K
  class space    used 1166K, capacity 1207K, committed 1280K, reserved 1048576K
}
Event: 1.194 GC heap before
{Heap before GC invocations=1 (full 0):
 garbage-first heap   total 262144K, used 40622K [0x0000000701600000, 0x0000000800000000)
  region size 1024K, 38 young (38912K), 3 survivors (3072K)
 Metaspace       used 20734K, capacity 20994K, committed 21248K, reserved 1069056K
  class space    used 2201K, capacity 2280K, committed 2304K, reserved 1048576K
}
Event: 1.205 GC heap after
{Heap after GC invocations=2 (full 0):
 garbage-first heap   total 262144K, used 9495K [0x0000000701600000, 0x0000000800000000)
  region size 1024K, 7 young (7168K), 7 survivors (7168K)
 Metaspace       used 20734K, capacity 20994K, committed 21248K, reserved 1069056K
  class space    used 2201K, capacity 2280K, committed 2304K, reserved 1048576K
}
Event: 2.102 GC heap before
{Heap before GC invocations=3 (full 0):
 garbage-first heap   total 262144K, used 64791K [0x0000000701600000, 0x0000000800000000)
  region size 1024K, 56 young (57344K), 7 survivors (7168K)
 Metaspace       used 32404K, capacity 32888K, committed 33024K, reserved 1077248K
  class space    used 4093K, capacity 4320K, committed 4352K, reserved 1048576K
}
Event: 2.115 GC heap after
{Heap after GC invocations=4 (full 0):
 garbage-first heap   total 262144K, used 20755K [0x0000000701600000, 0x0000000800000000)
  region size 1024K, 7 young (7168K), 7 survivors (7168K)
 Metaspace       used 32404K, capacity 32888K, committed 33024K, reserved 1077248K
  class space    used 4093K, capacity 4320K, committed 4352K, reserved 1048576K
}
Event: 2.217 GC heap before
{Heap before GC invocations=4 (full 0):
 garbage-first heap   total 262144K, used 26899K [0x0000000701600000, 0x0000000800000000)
  region size 1024K, 13 young (13312K), 7 survivors (7168K)
 Metaspace       used 33939K, capacity 34493K, committed 34816K, reserved 1079296K
  class space    used 4286K, capacity 4514K, committed 4608K, reserved 1048576K
}
Event: 2.224 GC heap after
{Heap after GC invocations=5 (full 0):
 garbage-first heap   total 262144K, used 22288K [0x0000000701600000, 0x0000000800000000)
  region size 1024K, 2 young (2048K), 2 survivors (2048K)
 Metaspace       used 33939K, capacity 34493K, committed 34816K, reserved 1079296K
  class space    used 4286K, capacity 4514K, committed 4608K, reserved 1048576K
}
Event: 2.280 GC heap before
{Heap before GC invocations=5 (full 0):
 garbage-first heap   total 262144K, used 24336K [0x0000000701600000, 0x0000000800000000)
  region size 1024K, 5 young (5120K), 2 survivors (2048K)
 Metaspace       used 34829K, capacity 35325K, committed 35584K, reserved 1081344K
  class space    used 4379K, capacity 4578K, committed 4608K, reserved 1048576K
}
Event: 2.283 GC heap after
{Heap after GC invocations=6 (full 0):
 garbage-first heap   total 315392K, used 21516K [0x0000000701600000, 0x0000000800000000)
  region size 1024K, 1 young (1024K), 1 survivors (1024K)
 Metaspace       used 34829K, capacity 35325K, committed 35584K, reserved 1081344K
  class space    used 4379K, capacity 4578K, committed 4608K, reserved 1048576K
}
Event: 4.183 GC heap before
{Heap before GC invocations=7 (full 0):
 garbage-first heap   total 315392K, used 135180K [0x0000000701600000, 0x0000000800000000)
  region size 1024K, 109 young (111616K), 1 survivors (1024K)
 Metaspace       used 50893K, capacity 51554K, committed 51576K, reserved 1095680K
  class space    used 5995K, capacity 6263K, committed 6272K, reserved 1048576K
}
Event: 4.195 GC heap after
{Heap after GC invocations=8 (full 0):
 garbage-first heap   total 315392K, used 33091K [0x0000000701600000, 0x0000000800000000)
  region size 1024K, 12 young (12288K), 12 survivors (12288K)
 Metaspace       used 50893K, capacity 51554K, committed 51576K, reserved 1095680K
  class space    used 5995K, capacity 6263K, committed 6272K, reserved 1048576K
}
Event: 6.488 GC heap before
{Heap before GC invocations=8 (full 0):
 garbage-first heap   total 315392K, used 172355K [0x0000000701600000, 0x0000000800000000)
  region size 1024K, 149 young (152576K), 12 survivors (12288K)
 Metaspace       used 59102K, capacity 59852K, committed 59936K, reserved 1101824K
  class space    used 6810K, capacity 7121K, committed 7168K, reserved 1048576K
}
Event: 6.585 GC heap after
{Heap after GC invocations=9 (full 0):
 garbage-first heap   total 315392K, used 48947K [0x0000000701600000, 0x0000000800000000)
  region size 1024K, 16 young (16384K), 16 survivors (16384K)
 Metaspace       used 59102K, capacity 59852K, committed 59936K, reserved 1101824K
  class space    used 6810K, capacity 7121K, committed 7168K, reserved 1048576K
}

